<?xml version="1.0" encoding="UTF-8"?>
<testsuite xmlns:xsi="http://www.w3.org/2001/XMLSchema-instance" xsi:noNamespaceSchemaLocation="https://maven.apache.org/surefire/maven-surefire-plugin/xsd/surefire-test-report-3.0.xsd" version="3.0" name="implementations.TreeTest" time="0.018" tests="6" errors="5" skipped="0" failures="0">
  <properties>
    <property name="java.specification.version" value="20"/>
    <property name="sun.jnu.encoding" value="UTF-8"/>
    <property name="java.class.path" value="/Users/i741166/Git/Projects/DataStructures/04. Data-Structures-Trees-Representation-and-Traversal-(BFS-DFS)-skeleton/target/test-classes:/Users/i741166/Git/Projects/DataStructures/04. Data-Structures-Trees-Representation-and-Traversal-(BFS-DFS)-skeleton/target/classes:/Users/i741166/.m2/repository/org/openjdk/jmh/jmh-core/1.23/jmh-core-1.23.jar:/Users/i741166/.m2/repository/net/sf/jopt-simple/jopt-simple/4.6/jopt-simple-4.6.jar:/Users/i741166/.m2/repository/org/apache/commons/commons-math3/3.2/commons-math3-3.2.jar:/Users/i741166/.m2/repository/org/openjdk/jmh/jmh-generator-annprocess/1.23/jmh-generator-annprocess-1.23.jar:/Users/i741166/.m2/repository/org/openjdk/jol/jol-core/0.1/jol-core-0.1.jar:/Users/i741166/.m2/repository/junit/junit/4.11/junit-4.11.jar:/Users/i741166/.m2/repository/org/hamcrest/hamcrest-core/1.3/hamcrest-core-1.3.jar:/Users/i741166/.m2/repository/org/apache/maven/plugins/maven-antrun-plugin/1.3/maven-antrun-plugin-1.3.jar:/Users/i741166/.m2/repository/org/apache/maven/maven-plugin-api/2.0.4/maven-plugin-api-2.0.4.jar:/Users/i741166/.m2/repository/org/apache/maven/maven-project/2.0.4/maven-project-2.0.4.jar:/Users/i741166/.m2/repository/org/apache/maven/maven-profile/2.0.4/maven-profile-2.0.4.jar:/Users/i741166/.m2/repository/org/apache/maven/maven-artifact-manager/2.0.4/maven-artifact-manager-2.0.4.jar:/Users/i741166/.m2/repository/org/apache/maven/maven-artifact/2.0.4/maven-artifact-2.0.4.jar:/Users/i741166/.m2/repository/org/codehaus/plexus/plexus-utils/1.5.6/plexus-utils-1.5.6.jar:/Users/i741166/.m2/repository/org/apache/ant/ant-launcher/1.7.1/ant-launcher-1.7.1.jar:/Users/i741166/.m2/repository/org/apache/ant/ant/1.7.1/ant-1.7.1.jar:/Users/i741166/.m2/repository/org/apache/maven/plugins/maven-assembly-plugin/2.2-beta-5/maven-assembly-plugin-2.2-beta-5.jar:/Users/i741166/.m2/repository/org/apache/maven/shared/maven-common-artifact-filters/1.1/maven-common-artifact-filters-1.1.jar:/Users/i741166/.m2/repository/org/apache/maven/shared/maven-plugin-testing-harness/1.1/maven-plugin-testing-harness-1.1.jar:/Users/i741166/.m2/repository/org/codehaus/plexus/plexus-interpolation/1.7/plexus-interpolation-1.7.jar:/Users/i741166/.m2/repository/org/codehaus/plexus/plexus-archiver/1.0-alpha-12/plexus-archiver-1.0-alpha-12.jar:/Users/i741166/.m2/repository/org/apache/maven/shared/file-management/1.1/file-management-1.1.jar:/Users/i741166/.m2/repository/org/apache/maven/shared/maven-shared-io/1.1/maven-shared-io-1.1.jar:/Users/i741166/.m2/repository/org/apache/maven/shared/maven-filtering/1.0-beta-2/maven-filtering-1.0-beta-2.jar:/Users/i741166/.m2/repository/org/codehaus/plexus/plexus-active-collections/1.0-beta-2/plexus-active-collections-1.0-beta-2.jar:/Users/i741166/.m2/repository/org/codehaus/plexus/plexus-io/1.0-alpha-4/plexus-io-1.0-alpha-4.jar:/Users/i741166/.m2/repository/org/apache/maven/maven-archiver/2.4/maven-archiver-2.4.jar:/Users/i741166/.m2/repository/org/codehaus/plexus/plexus-container-default/1.0-alpha-9-stable-1/plexus-container-default-1.0-alpha-9-stable-1.jar:/Users/i741166/.m2/repository/classworlds/classworlds/1.1-alpha-2/classworlds-1.1-alpha-2.jar:/Users/i741166/.m2/repository/org/apache/maven/maven-model/2.0.4/maven-model-2.0.4.jar:/Users/i741166/.m2/repository/org/apache/maven/shared/maven-repository-builder/1.0-alpha-2/maven-repository-builder-1.0-alpha-2.jar:/Users/i741166/.m2/repository/org/apache/maven/plugins/maven-surefire-plugin/2.12.4/maven-surefire-plugin-2.12.4.jar:/Users/i741166/.m2/repository/org/apache/maven/surefire/surefire-booter/2.12.4/surefire-booter-2.12.4.jar:/Users/i741166/.m2/repository/org/apache/maven/surefire/surefire-api/2.12.4/surefire-api-2.12.4.jar:/Users/i741166/.m2/repository/org/apache/maven/surefire/maven-surefire-common/2.12.4/maven-surefire-common-2.12.4.jar:/Users/i741166/.m2/repository/org/apache/commons/commons-lang3/3.1/commons-lang3-3.1.jar:/Users/i741166/.m2/repository/org/apache/maven/maven-core/2.0.9/maven-core-2.0.9.jar:/Users/i741166/.m2/repository/org/apache/maven/maven-plugin-parameter-documenter/2.0.9/maven-plugin-parameter-documenter-2.0.9.jar:/Users/i741166/.m2/repository/org/apache/maven/reporting/maven-reporting-api/2.0.9/maven-reporting-api-2.0.9.jar:/Users/i741166/.m2/repository/org/apache/maven/maven-repository-metadata/2.0.9/maven-repository-metadata-2.0.9.jar:/Users/i741166/.m2/repository/org/apache/maven/maven-error-diagnostics/2.0.9/maven-error-diagnostics-2.0.9.jar:/Users/i741166/.m2/repository/org/apache/maven/maven-plugin-descriptor/2.0.9/maven-plugin-descriptor-2.0.9.jar:/Users/i741166/.m2/repository/org/apache/maven/maven-toolchain/2.0.9/maven-toolchain-2.0.9.jar:/Users/i741166/.m2/repository/org/apache/maven/plugin-tools/maven-plugin-annotations/3.1/maven-plugin-annotations-3.1.jar:/Users/i741166/.m2/repository/org/apache/maven/plugins/maven-site-plugin/3.3/maven-site-plugin-3.3.jar:/Users/i741166/.m2/repository/org/apache/maven/reporting/maven-reporting-exec/1.1/maven-reporting-exec-1.1.jar:/Users/i741166/.m2/repository/org/apache/maven/shared/maven-shared-utils/0.3/maven-shared-utils-0.3.jar:/Users/i741166/.m2/repository/com/google/code/findbugs/jsr305/2.0.1/jsr305-2.0.1.jar:/Users/i741166/.m2/repository/org/codehaus/plexus/plexus-component-annotations/1.5.5/plexus-component-annotations-1.5.5.jar:/Users/i741166/.m2/repository/org/sonatype/aether/aether-util/1.7/aether-util-1.7.jar:/Users/i741166/.m2/repository/org/eclipse/aether/aether-util/0.9.0.M2/aether-util-0.9.0.M2.jar:/Users/i741166/.m2/repository/org/apache/maven/maven-settings/3.0/maven-settings-3.0.jar:/Users/i741166/.m2/repository/org/apache/maven/maven-settings-builder/3.0/maven-settings-builder-3.0.jar:/Users/i741166/.m2/repository/org/sonatype/plexus/plexus-sec-dispatcher/1.3/plexus-sec-dispatcher-1.3.jar:/Users/i741166/.m2/repository/org/sonatype/plexus/plexus-cipher/1.4/plexus-cipher-1.4.jar:/Users/i741166/.m2/repository/org/apache/maven/doxia/doxia-sink-api/1.4/doxia-sink-api-1.4.jar:/Users/i741166/.m2/repository/org/apache/maven/doxia/doxia-logging-api/1.4/doxia-logging-api-1.4.jar:/Users/i741166/.m2/repository/org/apache/maven/doxia/doxia-core/1.4/doxia-core-1.4.jar:/Users/i741166/.m2/repository/xerces/xercesImpl/2.9.1/xercesImpl-2.9.1.jar:/Users/i741166/.m2/repository/xml-apis/xml-apis/1.3.04/xml-apis-1.3.04.jar:/Users/i741166/.m2/repository/org/apache/httpcomponents/httpclient/4.0.2/httpclient-4.0.2.jar:/Users/i741166/.m2/repository/commons-logging/commons-logging/1.1.1/commons-logging-1.1.1.jar:/Users/i741166/.m2/repository/org/apache/httpcomponents/httpcore/4.0.1/httpcore-4.0.1.jar:/Users/i741166/.m2/repository/org/apache/maven/doxia/doxia-module-xhtml/1.4/doxia-module-xhtml-1.4.jar:/Users/i741166/.m2/repository/org/apache/maven/doxia/doxia-module-apt/1.4/doxia-module-apt-1.4.jar:/Users/i741166/.m2/repository/org/apache/maven/doxia/doxia-module-xdoc/1.4/doxia-module-xdoc-1.4.jar:/Users/i741166/.m2/repository/org/apache/maven/doxia/doxia-module-fml/1.4/doxia-module-fml-1.4.jar:/Users/i741166/.m2/repository/org/apache/maven/doxia/doxia-module-markdown/1.4/doxia-module-markdown-1.4.jar:/Users/i741166/.m2/repository/org/pegdown/pegdown/1.2.1/pegdown-1.2.1.jar:/Users/i741166/.m2/repository/org/parboiled/parboiled-java/1.1.4/parboiled-java-1.1.4.jar:/Users/i741166/.m2/repository/org/parboiled/parboiled-core/1.1.4/parboiled-core-1.1.4.jar:/Users/i741166/.m2/repository/org/ow2/asm/asm/4.1/asm-4.1.jar:/Users/i741166/.m2/repository/org/ow2/asm/asm-tree/4.1/asm-tree-4.1.jar:/Users/i741166/.m2/repository/org/ow2/asm/asm-analysis/4.1/asm-analysis-4.1.jar:/Users/i741166/.m2/repository/org/ow2/asm/asm-util/4.1/asm-util-4.1.jar:/Users/i741166/.m2/repository/javax/servlet/servlet-api/2.5/servlet-api-2.5.jar:/Users/i741166/.m2/repository/org/apache/maven/doxia/doxia-decoration-model/1.4/doxia-decoration-model-1.4.jar:/Users/i741166/.m2/repository/org/apache/maven/doxia/doxia-site-renderer/1.4/doxia-site-renderer-1.4.jar:/Users/i741166/.m2/repository/org/apache/velocity/velocity-tools/2.0/velocity-tools-2.0.jar:/Users/i741166/.m2/repository/commons-beanutils/commons-beanutils/1.7.0/commons-beanutils-1.7.0.jar:/Users/i741166/.m2/repository/commons-digester/commons-digester/1.8/commons-digester-1.8.jar:/Users/i741166/.m2/repository/commons-chain/commons-chain/1.1/commons-chain-1.1.jar:/Users/i741166/.m2/repository/commons-validator/commons-validator/1.3.1/commons-validator-1.3.1.jar:/Users/i741166/.m2/repository/dom4j/dom4j/1.1/dom4j-1.1.jar:/Users/i741166/.m2/repository/sslext/sslext/1.2-0/sslext-1.2-0.jar:/Users/i741166/.m2/repository/org/apache/struts/struts-core/1.3.8/struts-core-1.3.8.jar:/Users/i741166/.m2/repository/antlr/antlr/2.7.2/antlr-2.7.2.jar:/Users/i741166/.m2/repository/org/apache/struts/struts-taglib/1.3.8/struts-taglib-1.3.8.jar:/Users/i741166/.m2/repository/org/apache/struts/struts-tiles/1.3.8/struts-tiles-1.3.8.jar:/Users/i741166/.m2/repository/commons-collections/commons-collections/3.2.1/commons-collections-3.2.1.jar:/Users/i741166/.m2/repository/org/apache/maven/doxia/doxia-integration-tools/1.5/doxia-integration-tools-1.5.jar:/Users/i741166/.m2/repository/org/apache/maven/wagon/wagon-provider-api/1.0/wagon-provider-api-1.0.jar:/Users/i741166/.m2/repository/org/codehaus/plexus/plexus-i18n/1.0-beta-7/plexus-i18n-1.0-beta-7.jar:/Users/i741166/.m2/repository/org/apache/velocity/velocity/1.5/velocity-1.5.jar:/Users/i741166/.m2/repository/oro/oro/2.0.8/oro-2.0.8.jar:/Users/i741166/.m2/repository/org/codehaus/plexus/plexus-velocity/1.1.8/plexus-velocity-1.1.8.jar:/Users/i741166/.m2/repository/org/mortbay/jetty/jetty/6.1.25/jetty-6.1.25.jar:/Users/i741166/.m2/repository/org/mortbay/jetty/servlet-api/2.5-20081211/servlet-api-2.5-20081211.jar:/Users/i741166/.m2/repository/org/mortbay/jetty/jetty-util/6.1.25/jetty-util-6.1.25.jar:/Users/i741166/.m2/repository/commons-lang/commons-lang/2.5/commons-lang-2.5.jar:/Users/i741166/.m2/repository/commons-io/commons-io/1.4/commons-io-1.4.jar:/Users/i741166/.m2/repository/org/apache/maven/plugins/maven-resources-plugin/2.6/maven-resources-plugin-2.6.jar:/Users/i741166/.m2/repository/org/apache/maven/maven-monitor/2.0.6/maven-monitor-2.0.6.jar:/Users/i741166/.m2/repository/org/apache/maven/plugins/maven-release-plugin/2.3.2/maven-release-plugin-2.3.2.jar:/Users/i741166/.m2/repository/org/apache/maven/release/maven-release-manager/2.3.2/maven-release-manager-2.3.2.jar:/Users/i741166/.m2/repository/org/codehaus/plexus/plexus-interactivity-api/1.0-alpha-6/plexus-interactivity-api-1.0-alpha-6.jar:/Users/i741166/.m2/repository/org/apache/maven/shared/maven-invoker/2.0.9/maven-invoker-2.0.9.jar:/Users/i741166/.m2/repository/commons-cli/commons-cli/1.0/commons-cli-1.0.jar:/Users/i741166/.m2/repository/org/apache/maven/scm/maven-scm-provider-accurev/1.7/maven-scm-provider-accurev-1.7.jar:/Users/i741166/.m2/repository/org/apache/maven/scm/maven-scm-provider-bazaar/1.7/maven-scm-provider-bazaar-1.7.jar:/Users/i741166/.m2/repository/regexp/regexp/1.3/regexp-1.3.jar:/Users/i741166/.m2/repository/org/apache/maven/scm/maven-scm-provider-clearcase/1.7/maven-scm-provider-clearcase-1.7.jar:/Users/i741166/.m2/repository/org/apache/maven/scm/maven-scm-provider-cvsexe/1.7/maven-scm-provider-cvsexe-1.7.jar:/Users/i741166/.m2/repository/org/apache/maven/scm/maven-scm-provider-cvs-commons/1.7/maven-scm-provider-cvs-commons-1.7.jar:/Users/i741166/.m2/repository/org/apache/maven/scm/maven-scm-provider-cvsjava/1.7/maven-scm-provider-cvsjava-1.7.jar:/Users/i741166/.m2/repository/org/netbeans/lib/cvsclient/20060125/cvsclient-20060125.jar:/Users/i741166/.m2/repository/ch/ethz/ganymed/ganymed-ssh2/build210/ganymed-ssh2-build210.jar:/Users/i741166/.m2/repository/org/apache/maven/scm/maven-scm-provider-gitexe/1.7/maven-scm-provider-gitexe-1.7.jar:/Users/i741166/.m2/repository/org/apache/maven/scm/maven-scm-provider-git-commons/1.7/maven-scm-provider-git-commons-1.7.jar:/Users/i741166/.m2/repository/org/apache/maven/scm/maven-scm-provider-hg/1.7/maven-scm-provider-hg-1.7.jar:/Users/i741166/.m2/repository/org/apache/maven/scm/maven-scm-provider-perforce/1.7/maven-scm-provider-perforce-1.7.jar:/Users/i741166/.m2/repository/org/apache/maven/scm/maven-scm-provider-starteam/1.7/maven-scm-provider-starteam-1.7.jar:/Users/i741166/.m2/repository/org/apache/maven/scm/maven-scm-provider-svnexe/1.7/maven-scm-provider-svnexe-1.7.jar:/Users/i741166/.m2/repository/org/apache/maven/scm/maven-scm-provider-synergy/1.7/maven-scm-provider-synergy-1.7.jar:/Users/i741166/.m2/repository/org/apache/maven/scm/maven-scm-provider-vss/1.7/maven-scm-provider-vss-1.7.jar:/Users/i741166/.m2/repository/org/apache/maven/scm/maven-scm-provider-tfs/1.7/maven-scm-provider-tfs-1.7.jar:/Users/i741166/.m2/repository/org/apache/maven/scm/maven-scm-provider-integrity/1.7/maven-scm-provider-integrity-1.7.jar:/Users/i741166/.m2/repository/com/mks/api/mksapi-jar/4.10.9049/mksapi-jar-4.10.9049.jar:/Users/i741166/.m2/repository/org/codehaus/groovy/groovy-all/1.7.6/groovy-all-1.7.6.jar:/Users/i741166/.m2/repository/org/apache/maven/scm/maven-scm-provider-jazz/1.7/maven-scm-provider-jazz-1.7.jar:/Users/i741166/.m2/repository/org/apache/maven/scm/maven-scm-manager-plexus/1.7/maven-scm-manager-plexus-1.7.jar:/Users/i741166/.m2/repository/org/apache/maven/scm/maven-scm-provider-svn-commons/1.7/maven-scm-provider-svn-commons-1.7.jar:/Users/i741166/.m2/repository/jaxen/jaxen/1.1-beta-8/jaxen-1.1-beta-8.jar:/Users/i741166/.m2/repository/jdom/jdom/1.0/jdom-1.0.jar:/Users/i741166/.m2/repository/org/apache/maven/scm/maven-scm-api/1.7/maven-scm-api-1.7.jar:/Users/i741166/.m2/repository/org/jdom/jdom/1.1/jdom-1.1.jar:/Users/i741166/.m2/repository/com/goldmansachs/gs-collections-api/6.2.0/gs-collections-api-6.2.0.jar:/Users/i741166/.m2/repository/com/goldmansachs/gs-collections/6.2.0/gs-collections-6.2.0.jar:/Users/i741166/.m2/repository/com/goldmansachs/gs-collections-testutils/6.2.0/gs-collections-testutils-6.2.0.jar:/Users/i741166/.m2/repository/commons-codec/commons-codec/1.10/commons-codec-1.10.jar:/Users/i741166/.m2/repository/com/goldmansachs/gs-collections-forkjoin/6.2.0/gs-collections-forkjoin-6.2.0.jar:"/>
    <property name="java.vm.vendor" value="Homebrew"/>
    <property name="sun.arch.data.model" value="64"/>
    <property name="java.vendor.url" value="https://github.com/Homebrew/homebrew-core/issues"/>
    <property name="os.name" value="Mac OS X"/>
    <property name="java.vm.specification.version" value="20"/>
    <property name="sun.java.launcher" value="SUN_STANDARD"/>
    <property name="user.country" value="BG"/>
    <property name="sun.boot.library.path" value="/opt/homebrew/Cellar/openjdk/20.0.1/libexec/openjdk.jdk/Contents/Home/lib"/>
    <property name="sun.java.command" value="/Users/i741166/Git/Projects/DataStructures/04. Data-Structures-Trees-Representation-and-Traversal-(BFS-DFS)-skeleton/target/surefire/surefirebooter-20231003170202986_3.jar /Users/i741166/Git/Projects/DataStructures/04. Data-Structures-Trees-Representation-and-Traversal-(BFS-DFS)-skeleton/target/surefire 2023-10-03T17-02-02_928-jvmRun1 surefire-20231003170202986_1tmp surefire_0-20231003170202986_2tmp"/>
    <property name="jdk.debug" value="release"/>
    <property name="surefire.test.class.path" value="/Users/i741166/Git/Projects/DataStructures/04. Data-Structures-Trees-Representation-and-Traversal-(BFS-DFS)-skeleton/target/test-classes:/Users/i741166/Git/Projects/DataStructures/04. Data-Structures-Trees-Representation-and-Traversal-(BFS-DFS)-skeleton/target/classes:/Users/i741166/.m2/repository/org/openjdk/jmh/jmh-core/1.23/jmh-core-1.23.jar:/Users/i741166/.m2/repository/net/sf/jopt-simple/jopt-simple/4.6/jopt-simple-4.6.jar:/Users/i741166/.m2/repository/org/apache/commons/commons-math3/3.2/commons-math3-3.2.jar:/Users/i741166/.m2/repository/org/openjdk/jmh/jmh-generator-annprocess/1.23/jmh-generator-annprocess-1.23.jar:/Users/i741166/.m2/repository/org/openjdk/jol/jol-core/0.1/jol-core-0.1.jar:/Users/i741166/.m2/repository/junit/junit/4.11/junit-4.11.jar:/Users/i741166/.m2/repository/org/hamcrest/hamcrest-core/1.3/hamcrest-core-1.3.jar:/Users/i741166/.m2/repository/org/apache/maven/plugins/maven-antrun-plugin/1.3/maven-antrun-plugin-1.3.jar:/Users/i741166/.m2/repository/org/apache/maven/maven-plugin-api/2.0.4/maven-plugin-api-2.0.4.jar:/Users/i741166/.m2/repository/org/apache/maven/maven-project/2.0.4/maven-project-2.0.4.jar:/Users/i741166/.m2/repository/org/apache/maven/maven-profile/2.0.4/maven-profile-2.0.4.jar:/Users/i741166/.m2/repository/org/apache/maven/maven-artifact-manager/2.0.4/maven-artifact-manager-2.0.4.jar:/Users/i741166/.m2/repository/org/apache/maven/maven-artifact/2.0.4/maven-artifact-2.0.4.jar:/Users/i741166/.m2/repository/org/codehaus/plexus/plexus-utils/1.5.6/plexus-utils-1.5.6.jar:/Users/i741166/.m2/repository/org/apache/ant/ant-launcher/1.7.1/ant-launcher-1.7.1.jar:/Users/i741166/.m2/repository/org/apache/ant/ant/1.7.1/ant-1.7.1.jar:/Users/i741166/.m2/repository/org/apache/maven/plugins/maven-assembly-plugin/2.2-beta-5/maven-assembly-plugin-2.2-beta-5.jar:/Users/i741166/.m2/repository/org/apache/maven/shared/maven-common-artifact-filters/1.1/maven-common-artifact-filters-1.1.jar:/Users/i741166/.m2/repository/org/apache/maven/shared/maven-plugin-testing-harness/1.1/maven-plugin-testing-harness-1.1.jar:/Users/i741166/.m2/repository/org/codehaus/plexus/plexus-interpolation/1.7/plexus-interpolation-1.7.jar:/Users/i741166/.m2/repository/org/codehaus/plexus/plexus-archiver/1.0-alpha-12/plexus-archiver-1.0-alpha-12.jar:/Users/i741166/.m2/repository/org/apache/maven/shared/file-management/1.1/file-management-1.1.jar:/Users/i741166/.m2/repository/org/apache/maven/shared/maven-shared-io/1.1/maven-shared-io-1.1.jar:/Users/i741166/.m2/repository/org/apache/maven/shared/maven-filtering/1.0-beta-2/maven-filtering-1.0-beta-2.jar:/Users/i741166/.m2/repository/org/codehaus/plexus/plexus-active-collections/1.0-beta-2/plexus-active-collections-1.0-beta-2.jar:/Users/i741166/.m2/repository/org/codehaus/plexus/plexus-io/1.0-alpha-4/plexus-io-1.0-alpha-4.jar:/Users/i741166/.m2/repository/org/apache/maven/maven-archiver/2.4/maven-archiver-2.4.jar:/Users/i741166/.m2/repository/org/codehaus/plexus/plexus-container-default/1.0-alpha-9-stable-1/plexus-container-default-1.0-alpha-9-stable-1.jar:/Users/i741166/.m2/repository/classworlds/classworlds/1.1-alpha-2/classworlds-1.1-alpha-2.jar:/Users/i741166/.m2/repository/org/apache/maven/maven-model/2.0.4/maven-model-2.0.4.jar:/Users/i741166/.m2/repository/org/apache/maven/shared/maven-repository-builder/1.0-alpha-2/maven-repository-builder-1.0-alpha-2.jar:/Users/i741166/.m2/repository/org/apache/maven/plugins/maven-surefire-plugin/2.12.4/maven-surefire-plugin-2.12.4.jar:/Users/i741166/.m2/repository/org/apache/maven/surefire/surefire-booter/2.12.4/surefire-booter-2.12.4.jar:/Users/i741166/.m2/repository/org/apache/maven/surefire/surefire-api/2.12.4/surefire-api-2.12.4.jar:/Users/i741166/.m2/repository/org/apache/maven/surefire/maven-surefire-common/2.12.4/maven-surefire-common-2.12.4.jar:/Users/i741166/.m2/repository/org/apache/commons/commons-lang3/3.1/commons-lang3-3.1.jar:/Users/i741166/.m2/repository/org/apache/maven/maven-core/2.0.9/maven-core-2.0.9.jar:/Users/i741166/.m2/repository/org/apache/maven/maven-plugin-parameter-documenter/2.0.9/maven-plugin-parameter-documenter-2.0.9.jar:/Users/i741166/.m2/repository/org/apache/maven/reporting/maven-reporting-api/2.0.9/maven-reporting-api-2.0.9.jar:/Users/i741166/.m2/repository/org/apache/maven/maven-repository-metadata/2.0.9/maven-repository-metadata-2.0.9.jar:/Users/i741166/.m2/repository/org/apache/maven/maven-error-diagnostics/2.0.9/maven-error-diagnostics-2.0.9.jar:/Users/i741166/.m2/repository/org/apache/maven/maven-plugin-descriptor/2.0.9/maven-plugin-descriptor-2.0.9.jar:/Users/i741166/.m2/repository/org/apache/maven/maven-toolchain/2.0.9/maven-toolchain-2.0.9.jar:/Users/i741166/.m2/repository/org/apache/maven/plugin-tools/maven-plugin-annotations/3.1/maven-plugin-annotations-3.1.jar:/Users/i741166/.m2/repository/org/apache/maven/plugins/maven-site-plugin/3.3/maven-site-plugin-3.3.jar:/Users/i741166/.m2/repository/org/apache/maven/reporting/maven-reporting-exec/1.1/maven-reporting-exec-1.1.jar:/Users/i741166/.m2/repository/org/apache/maven/shared/maven-shared-utils/0.3/maven-shared-utils-0.3.jar:/Users/i741166/.m2/repository/com/google/code/findbugs/jsr305/2.0.1/jsr305-2.0.1.jar:/Users/i741166/.m2/repository/org/codehaus/plexus/plexus-component-annotations/1.5.5/plexus-component-annotations-1.5.5.jar:/Users/i741166/.m2/repository/org/sonatype/aether/aether-util/1.7/aether-util-1.7.jar:/Users/i741166/.m2/repository/org/eclipse/aether/aether-util/0.9.0.M2/aether-util-0.9.0.M2.jar:/Users/i741166/.m2/repository/org/apache/maven/maven-settings/3.0/maven-settings-3.0.jar:/Users/i741166/.m2/repository/org/apache/maven/maven-settings-builder/3.0/maven-settings-builder-3.0.jar:/Users/i741166/.m2/repository/org/sonatype/plexus/plexus-sec-dispatcher/1.3/plexus-sec-dispatcher-1.3.jar:/Users/i741166/.m2/repository/org/sonatype/plexus/plexus-cipher/1.4/plexus-cipher-1.4.jar:/Users/i741166/.m2/repository/org/apache/maven/doxia/doxia-sink-api/1.4/doxia-sink-api-1.4.jar:/Users/i741166/.m2/repository/org/apache/maven/doxia/doxia-logging-api/1.4/doxia-logging-api-1.4.jar:/Users/i741166/.m2/repository/org/apache/maven/doxia/doxia-core/1.4/doxia-core-1.4.jar:/Users/i741166/.m2/repository/xerces/xercesImpl/2.9.1/xercesImpl-2.9.1.jar:/Users/i741166/.m2/repository/xml-apis/xml-apis/1.3.04/xml-apis-1.3.04.jar:/Users/i741166/.m2/repository/org/apache/httpcomponents/httpclient/4.0.2/httpclient-4.0.2.jar:/Users/i741166/.m2/repository/commons-logging/commons-logging/1.1.1/commons-logging-1.1.1.jar:/Users/i741166/.m2/repository/org/apache/httpcomponents/httpcore/4.0.1/httpcore-4.0.1.jar:/Users/i741166/.m2/repository/org/apache/maven/doxia/doxia-module-xhtml/1.4/doxia-module-xhtml-1.4.jar:/Users/i741166/.m2/repository/org/apache/maven/doxia/doxia-module-apt/1.4/doxia-module-apt-1.4.jar:/Users/i741166/.m2/repository/org/apache/maven/doxia/doxia-module-xdoc/1.4/doxia-module-xdoc-1.4.jar:/Users/i741166/.m2/repository/org/apache/maven/doxia/doxia-module-fml/1.4/doxia-module-fml-1.4.jar:/Users/i741166/.m2/repository/org/apache/maven/doxia/doxia-module-markdown/1.4/doxia-module-markdown-1.4.jar:/Users/i741166/.m2/repository/org/pegdown/pegdown/1.2.1/pegdown-1.2.1.jar:/Users/i741166/.m2/repository/org/parboiled/parboiled-java/1.1.4/parboiled-java-1.1.4.jar:/Users/i741166/.m2/repository/org/parboiled/parboiled-core/1.1.4/parboiled-core-1.1.4.jar:/Users/i741166/.m2/repository/org/ow2/asm/asm/4.1/asm-4.1.jar:/Users/i741166/.m2/repository/org/ow2/asm/asm-tree/4.1/asm-tree-4.1.jar:/Users/i741166/.m2/repository/org/ow2/asm/asm-analysis/4.1/asm-analysis-4.1.jar:/Users/i741166/.m2/repository/org/ow2/asm/asm-util/4.1/asm-util-4.1.jar:/Users/i741166/.m2/repository/javax/servlet/servlet-api/2.5/servlet-api-2.5.jar:/Users/i741166/.m2/repository/org/apache/maven/doxia/doxia-decoration-model/1.4/doxia-decoration-model-1.4.jar:/Users/i741166/.m2/repository/org/apache/maven/doxia/doxia-site-renderer/1.4/doxia-site-renderer-1.4.jar:/Users/i741166/.m2/repository/org/apache/velocity/velocity-tools/2.0/velocity-tools-2.0.jar:/Users/i741166/.m2/repository/commons-beanutils/commons-beanutils/1.7.0/commons-beanutils-1.7.0.jar:/Users/i741166/.m2/repository/commons-digester/commons-digester/1.8/commons-digester-1.8.jar:/Users/i741166/.m2/repository/commons-chain/commons-chain/1.1/commons-chain-1.1.jar:/Users/i741166/.m2/repository/commons-validator/commons-validator/1.3.1/commons-validator-1.3.1.jar:/Users/i741166/.m2/repository/dom4j/dom4j/1.1/dom4j-1.1.jar:/Users/i741166/.m2/repository/sslext/sslext/1.2-0/sslext-1.2-0.jar:/Users/i741166/.m2/repository/org/apache/struts/struts-core/1.3.8/struts-core-1.3.8.jar:/Users/i741166/.m2/repository/antlr/antlr/2.7.2/antlr-2.7.2.jar:/Users/i741166/.m2/repository/org/apache/struts/struts-taglib/1.3.8/struts-taglib-1.3.8.jar:/Users/i741166/.m2/repository/org/apache/struts/struts-tiles/1.3.8/struts-tiles-1.3.8.jar:/Users/i741166/.m2/repository/commons-collections/commons-collections/3.2.1/commons-collections-3.2.1.jar:/Users/i741166/.m2/repository/org/apache/maven/doxia/doxia-integration-tools/1.5/doxia-integration-tools-1.5.jar:/Users/i741166/.m2/repository/org/apache/maven/wagon/wagon-provider-api/1.0/wagon-provider-api-1.0.jar:/Users/i741166/.m2/repository/org/codehaus/plexus/plexus-i18n/1.0-beta-7/plexus-i18n-1.0-beta-7.jar:/Users/i741166/.m2/repository/org/apache/velocity/velocity/1.5/velocity-1.5.jar:/Users/i741166/.m2/repository/oro/oro/2.0.8/oro-2.0.8.jar:/Users/i741166/.m2/repository/org/codehaus/plexus/plexus-velocity/1.1.8/plexus-velocity-1.1.8.jar:/Users/i741166/.m2/repository/org/mortbay/jetty/jetty/6.1.25/jetty-6.1.25.jar:/Users/i741166/.m2/repository/org/mortbay/jetty/servlet-api/2.5-20081211/servlet-api-2.5-20081211.jar:/Users/i741166/.m2/repository/org/mortbay/jetty/jetty-util/6.1.25/jetty-util-6.1.25.jar:/Users/i741166/.m2/repository/commons-lang/commons-lang/2.5/commons-lang-2.5.jar:/Users/i741166/.m2/repository/commons-io/commons-io/1.4/commons-io-1.4.jar:/Users/i741166/.m2/repository/org/apache/maven/plugins/maven-resources-plugin/2.6/maven-resources-plugin-2.6.jar:/Users/i741166/.m2/repository/org/apache/maven/maven-monitor/2.0.6/maven-monitor-2.0.6.jar:/Users/i741166/.m2/repository/org/apache/maven/plugins/maven-release-plugin/2.3.2/maven-release-plugin-2.3.2.jar:/Users/i741166/.m2/repository/org/apache/maven/release/maven-release-manager/2.3.2/maven-release-manager-2.3.2.jar:/Users/i741166/.m2/repository/org/codehaus/plexus/plexus-interactivity-api/1.0-alpha-6/plexus-interactivity-api-1.0-alpha-6.jar:/Users/i741166/.m2/repository/org/apache/maven/shared/maven-invoker/2.0.9/maven-invoker-2.0.9.jar:/Users/i741166/.m2/repository/commons-cli/commons-cli/1.0/commons-cli-1.0.jar:/Users/i741166/.m2/repository/org/apache/maven/scm/maven-scm-provider-accurev/1.7/maven-scm-provider-accurev-1.7.jar:/Users/i741166/.m2/repository/org/apache/maven/scm/maven-scm-provider-bazaar/1.7/maven-scm-provider-bazaar-1.7.jar:/Users/i741166/.m2/repository/regexp/regexp/1.3/regexp-1.3.jar:/Users/i741166/.m2/repository/org/apache/maven/scm/maven-scm-provider-clearcase/1.7/maven-scm-provider-clearcase-1.7.jar:/Users/i741166/.m2/repository/org/apache/maven/scm/maven-scm-provider-cvsexe/1.7/maven-scm-provider-cvsexe-1.7.jar:/Users/i741166/.m2/repository/org/apache/maven/scm/maven-scm-provider-cvs-commons/1.7/maven-scm-provider-cvs-commons-1.7.jar:/Users/i741166/.m2/repository/org/apache/maven/scm/maven-scm-provider-cvsjava/1.7/maven-scm-provider-cvsjava-1.7.jar:/Users/i741166/.m2/repository/org/netbeans/lib/cvsclient/20060125/cvsclient-20060125.jar:/Users/i741166/.m2/repository/ch/ethz/ganymed/ganymed-ssh2/build210/ganymed-ssh2-build210.jar:/Users/i741166/.m2/repository/org/apache/maven/scm/maven-scm-provider-gitexe/1.7/maven-scm-provider-gitexe-1.7.jar:/Users/i741166/.m2/repository/org/apache/maven/scm/maven-scm-provider-git-commons/1.7/maven-scm-provider-git-commons-1.7.jar:/Users/i741166/.m2/repository/org/apache/maven/scm/maven-scm-provider-hg/1.7/maven-scm-provider-hg-1.7.jar:/Users/i741166/.m2/repository/org/apache/maven/scm/maven-scm-provider-perforce/1.7/maven-scm-provider-perforce-1.7.jar:/Users/i741166/.m2/repository/org/apache/maven/scm/maven-scm-provider-starteam/1.7/maven-scm-provider-starteam-1.7.jar:/Users/i741166/.m2/repository/org/apache/maven/scm/maven-scm-provider-svnexe/1.7/maven-scm-provider-svnexe-1.7.jar:/Users/i741166/.m2/repository/org/apache/maven/scm/maven-scm-provider-synergy/1.7/maven-scm-provider-synergy-1.7.jar:/Users/i741166/.m2/repository/org/apache/maven/scm/maven-scm-provider-vss/1.7/maven-scm-provider-vss-1.7.jar:/Users/i741166/.m2/repository/org/apache/maven/scm/maven-scm-provider-tfs/1.7/maven-scm-provider-tfs-1.7.jar:/Users/i741166/.m2/repository/org/apache/maven/scm/maven-scm-provider-integrity/1.7/maven-scm-provider-integrity-1.7.jar:/Users/i741166/.m2/repository/com/mks/api/mksapi-jar/4.10.9049/mksapi-jar-4.10.9049.jar:/Users/i741166/.m2/repository/org/codehaus/groovy/groovy-all/1.7.6/groovy-all-1.7.6.jar:/Users/i741166/.m2/repository/org/apache/maven/scm/maven-scm-provider-jazz/1.7/maven-scm-provider-jazz-1.7.jar:/Users/i741166/.m2/repository/org/apache/maven/scm/maven-scm-manager-plexus/1.7/maven-scm-manager-plexus-1.7.jar:/Users/i741166/.m2/repository/org/apache/maven/scm/maven-scm-provider-svn-commons/1.7/maven-scm-provider-svn-commons-1.7.jar:/Users/i741166/.m2/repository/jaxen/jaxen/1.1-beta-8/jaxen-1.1-beta-8.jar:/Users/i741166/.m2/repository/jdom/jdom/1.0/jdom-1.0.jar:/Users/i741166/.m2/repository/org/apache/maven/scm/maven-scm-api/1.7/maven-scm-api-1.7.jar:/Users/i741166/.m2/repository/org/jdom/jdom/1.1/jdom-1.1.jar:/Users/i741166/.m2/repository/com/goldmansachs/gs-collections-api/6.2.0/gs-collections-api-6.2.0.jar:/Users/i741166/.m2/repository/com/goldmansachs/gs-collections/6.2.0/gs-collections-6.2.0.jar:/Users/i741166/.m2/repository/com/goldmansachs/gs-collections-testutils/6.2.0/gs-collections-testutils-6.2.0.jar:/Users/i741166/.m2/repository/commons-codec/commons-codec/1.10/commons-codec-1.10.jar:/Users/i741166/.m2/repository/com/goldmansachs/gs-collections-forkjoin/6.2.0/gs-collections-forkjoin-6.2.0.jar:"/>
    <property name="sun.cpu.endian" value="little"/>
    <property name="user.home" value="/Users/i741166"/>
    <property name="user.language" value="en"/>
    <property name="java.specification.vendor" value="Oracle Corporation"/>
    <property name="java.version.date" value="2023-04-18"/>
    <property name="java.home" value="/opt/homebrew/Cellar/openjdk/20.0.1/libexec/openjdk.jdk/Contents/Home"/>
    <property name="file.separator" value="/"/>
    <property name="basedir" value="/Users/i741166/Git/Projects/DataStructures/04. Data-Structures-Trees-Representation-and-Traversal-(BFS-DFS)-skeleton"/>
    <property name="java.vm.compressedOopsMode" value="Zero based"/>
    <property name="line.separator" value="&#10;"/>
    <property name="java.specification.name" value="Java Platform API Specification"/>
    <property name="java.vm.specification.vendor" value="Oracle Corporation"/>
    <property name="apple.awt.application.name" value="ForkedBooter"/>
    <property name="surefire.real.class.path" value="/Users/i741166/Git/Projects/DataStructures/04. Data-Structures-Trees-Representation-and-Traversal-(BFS-DFS)-skeleton/target/surefire/surefirebooter-20231003170202986_3.jar"/>
    <property name="sun.management.compiler" value="HotSpot 64-Bit Tiered Compilers"/>
    <property name="java.runtime.version" value="20.0.1"/>
    <property name="user.name" value="i741166"/>
    <property name="stdout.encoding" value="UTF-8"/>
    <property name="path.separator" value=":"/>
    <property name="os.version" value="13.6"/>
    <property name="java.runtime.name" value="OpenJDK Runtime Environment"/>
    <property name="file.encoding" value="UTF-8"/>
    <property name="java.vm.name" value="OpenJDK 64-Bit Server VM"/>
    <property name="java.vendor.version" value="Homebrew"/>
    <property name="localRepository" value="/Users/i741166/.m2/repository"/>
    <property name="java.vendor.url.bug" value="https://github.com/Homebrew/homebrew-core/issues"/>
    <property name="java.io.tmpdir" value="/var/folders/sy/mj7jqwj1185_h_82bnl2fg_m0000gn/T/"/>
    <property name="java.version" value="20.0.1"/>
    <property name="user.dir" value="/Users/i741166/Git/Projects/DataStructures/04. Data-Structures-Trees-Representation-and-Traversal-(BFS-DFS)-skeleton"/>
    <property name="os.arch" value="aarch64"/>
    <property name="java.vm.specification.name" value="Java Virtual Machine Specification"/>
    <property name="native.encoding" value="UTF-8"/>
    <property name="java.library.path" value="/Users/i741166/Library/Java/Extensions:/Library/Java/Extensions:/Network/Library/Java/Extensions:/System/Library/Java/Extensions:/usr/lib/java:."/>
    <property name="java.vm.info" value="mixed mode, sharing"/>
    <property name="stderr.encoding" value="UTF-8"/>
    <property name="java.vendor" value="Homebrew"/>
    <property name="java.vm.version" value="20.0.1"/>
    <property name="sun.io.unicode.encoding" value="UnicodeBig"/>
    <property name="java.class.version" value="64.0"/>
  </properties>
  <testcase name="testAddTree" classname="implementations.TreeTest" time="0.003">
    <error message="Cannot invoke &quot;java.util.List.iterator()&quot; because the return value of &quot;implementations.Tree.orderDfs()&quot; is null" type="java.lang.NullPointerException"><![CDATA[java.lang.NullPointerException: Cannot invoke "java.util.List.iterator()" because the return value of "implementations.Tree.orderDfs()" is null
	at implementations.TreeTest.testAddTree(TreeTest.java:57)
	at java.base/jdk.internal.reflect.DirectMethodHandleAccessor.invoke(DirectMethodHandleAccessor.java:104)
	at java.base/java.lang.reflect.Method.invoke(Method.java:578)
	at org.junit.runners.model.FrameworkMethod$1.runReflectiveCall(FrameworkMethod.java:47)
	at org.junit.internal.runners.model.ReflectiveCallable.run(ReflectiveCallable.java:12)
	at org.junit.runners.model.FrameworkMethod.invokeExplosively(FrameworkMethod.java:44)
	at org.junit.internal.runners.statements.InvokeMethod.evaluate(InvokeMethod.java:17)
	at org.junit.internal.runners.statements.RunBefores.evaluate(RunBefores.java:26)
	at org.junit.runners.ParentRunner.runLeaf(ParentRunner.java:271)
	at org.junit.runners.BlockJUnit4ClassRunner.runChild(BlockJUnit4ClassRunner.java:70)
	at org.junit.runners.BlockJUnit4ClassRunner.runChild(BlockJUnit4ClassRunner.java:50)
	at org.junit.runners.ParentRunner$3.run(ParentRunner.java:238)
	at org.junit.runners.ParentRunner$1.schedule(ParentRunner.java:63)
	at org.junit.runners.ParentRunner.runChildren(ParentRunner.java:236)
	at org.junit.runners.ParentRunner.access$000(ParentRunner.java:53)
	at org.junit.runners.ParentRunner$2.evaluate(ParentRunner.java:229)
	at org.junit.runners.ParentRunner.run(ParentRunner.java:309)
	at org.apache.maven.surefire.junit4.JUnit4Provider.execute(JUnit4Provider.java:316)
	at org.apache.maven.surefire.junit4.JUnit4Provider.executeWithRerun(JUnit4Provider.java:240)
	at org.apache.maven.surefire.junit4.JUnit4Provider.executeTestSet(JUnit4Provider.java:214)
	at org.apache.maven.surefire.junit4.JUnit4Provider.invoke(JUnit4Provider.java:155)
	at org.apache.maven.surefire.booter.ForkedBooter.runSuitesInProcess(ForkedBooter.java:385)
	at org.apache.maven.surefire.booter.ForkedBooter.execute(ForkedBooter.java:162)
	at org.apache.maven.surefire.booter.ForkedBooter.run(ForkedBooter.java:507)
	at org.apache.maven.surefire.booter.ForkedBooter.main(ForkedBooter.java:495)
]]></error>
  </testcase>
  <testcase name="testTreeBfs" classname="implementations.TreeTest" time="0.0">
    <error message="Cannot invoke &quot;java.util.List.iterator()&quot; because the return value of &quot;implementations.Tree.orderBfs()&quot; is null" type="java.lang.NullPointerException"><![CDATA[java.lang.NullPointerException: Cannot invoke "java.util.List.iterator()" because the return value of "implementations.Tree.orderBfs()" is null
	at implementations.TreeTest.testTreeBfs(TreeTest.java:38)
	at java.base/jdk.internal.reflect.DirectMethodHandleAccessor.invoke(DirectMethodHandleAccessor.java:104)
	at java.base/java.lang.reflect.Method.invoke(Method.java:578)
	at org.junit.runners.model.FrameworkMethod$1.runReflectiveCall(FrameworkMethod.java:47)
	at org.junit.internal.runners.model.ReflectiveCallable.run(ReflectiveCallable.java:12)
	at org.junit.runners.model.FrameworkMethod.invokeExplosively(FrameworkMethod.java:44)
	at org.junit.internal.runners.statements.InvokeMethod.evaluate(InvokeMethod.java:17)
	at org.junit.internal.runners.statements.RunBefores.evaluate(RunBefores.java:26)
	at org.junit.runners.ParentRunner.runLeaf(ParentRunner.java:271)
	at org.junit.runners.BlockJUnit4ClassRunner.runChild(BlockJUnit4ClassRunner.java:70)
	at org.junit.runners.BlockJUnit4ClassRunner.runChild(BlockJUnit4ClassRunner.java:50)
	at org.junit.runners.ParentRunner$3.run(ParentRunner.java:238)
	at org.junit.runners.ParentRunner$1.schedule(ParentRunner.java:63)
	at org.junit.runners.ParentRunner.runChildren(ParentRunner.java:236)
	at org.junit.runners.ParentRunner.access$000(ParentRunner.java:53)
	at org.junit.runners.ParentRunner$2.evaluate(ParentRunner.java:229)
	at org.junit.runners.ParentRunner.run(ParentRunner.java:309)
	at org.apache.maven.surefire.junit4.JUnit4Provider.execute(JUnit4Provider.java:316)
	at org.apache.maven.surefire.junit4.JUnit4Provider.executeWithRerun(JUnit4Provider.java:240)
	at org.apache.maven.surefire.junit4.JUnit4Provider.executeTestSet(JUnit4Provider.java:214)
	at org.apache.maven.surefire.junit4.JUnit4Provider.invoke(JUnit4Provider.java:155)
	at org.apache.maven.surefire.booter.ForkedBooter.runSuitesInProcess(ForkedBooter.java:385)
	at org.apache.maven.surefire.booter.ForkedBooter.execute(ForkedBooter.java:162)
	at org.apache.maven.surefire.booter.ForkedBooter.run(ForkedBooter.java:507)
	at org.apache.maven.surefire.booter.ForkedBooter.main(ForkedBooter.java:495)
]]></error>
  </testcase>
  <testcase name="testTreeDfs" classname="implementations.TreeTest" time="0.0">
    <error message="Cannot invoke &quot;java.util.List.iterator()&quot; because the return value of &quot;implementations.Tree.orderDfs()&quot; is null" type="java.lang.NullPointerException"><![CDATA[java.lang.NullPointerException: Cannot invoke "java.util.List.iterator()" because the return value of "implementations.Tree.orderDfs()" is null
	at implementations.TreeTest.testTreeDfs(TreeTest.java:47)
	at java.base/jdk.internal.reflect.DirectMethodHandleAccessor.invoke(DirectMethodHandleAccessor.java:104)
	at java.base/java.lang.reflect.Method.invoke(Method.java:578)
	at org.junit.runners.model.FrameworkMethod$1.runReflectiveCall(FrameworkMethod.java:47)
	at org.junit.internal.runners.model.ReflectiveCallable.run(ReflectiveCallable.java:12)
	at org.junit.runners.model.FrameworkMethod.invokeExplosively(FrameworkMethod.java:44)
	at org.junit.internal.runners.statements.InvokeMethod.evaluate(InvokeMethod.java:17)
	at org.junit.internal.runners.statements.RunBefores.evaluate(RunBefores.java:26)
	at org.junit.runners.ParentRunner.runLeaf(ParentRunner.java:271)
	at org.junit.runners.BlockJUnit4ClassRunner.runChild(BlockJUnit4ClassRunner.java:70)
	at org.junit.runners.BlockJUnit4ClassRunner.runChild(BlockJUnit4ClassRunner.java:50)
	at org.junit.runners.ParentRunner$3.run(ParentRunner.java:238)
	at org.junit.runners.ParentRunner$1.schedule(ParentRunner.java:63)
	at org.junit.runners.ParentRunner.runChildren(ParentRunner.java:236)
	at org.junit.runners.ParentRunner.access$000(ParentRunner.java:53)
	at org.junit.runners.ParentRunner$2.evaluate(ParentRunner.java:229)
	at org.junit.runners.ParentRunner.run(ParentRunner.java:309)
	at org.apache.maven.surefire.junit4.JUnit4Provider.execute(JUnit4Provider.java:316)
	at org.apache.maven.surefire.junit4.JUnit4Provider.executeWithRerun(JUnit4Provider.java:240)
	at org.apache.maven.surefire.junit4.JUnit4Provider.executeTestSet(JUnit4Provider.java:214)
	at org.apache.maven.surefire.junit4.JUnit4Provider.invoke(JUnit4Provider.java:155)
	at org.apache.maven.surefire.booter.ForkedBooter.runSuitesInProcess(ForkedBooter.java:385)
	at org.apache.maven.surefire.booter.ForkedBooter.execute(ForkedBooter.java:162)
	at org.apache.maven.surefire.booter.ForkedBooter.run(ForkedBooter.java:507)
	at org.apache.maven.surefire.booter.ForkedBooter.main(ForkedBooter.java:495)
]]></error>
  </testcase>
  <testcase name="testSwap" classname="implementations.TreeTest" time="0.0">
    <error message="Cannot invoke &quot;java.util.List.size()&quot; because &quot;integers&quot; is null" type="java.lang.NullPointerException"><![CDATA[java.lang.NullPointerException: Cannot invoke "java.util.List.size()" because "integers" is null
	at implementations.TreeTest.testSwap(TreeTest.java:80)
	at java.base/jdk.internal.reflect.DirectMethodHandleAccessor.invoke(DirectMethodHandleAccessor.java:104)
	at java.base/java.lang.reflect.Method.invoke(Method.java:578)
	at org.junit.runners.model.FrameworkMethod$1.runReflectiveCall(FrameworkMethod.java:47)
	at org.junit.internal.runners.model.ReflectiveCallable.run(ReflectiveCallable.java:12)
	at org.junit.runners.model.FrameworkMethod.invokeExplosively(FrameworkMethod.java:44)
	at org.junit.internal.runners.statements.InvokeMethod.evaluate(InvokeMethod.java:17)
	at org.junit.internal.runners.statements.RunBefores.evaluate(RunBefores.java:26)
	at org.junit.runners.ParentRunner.runLeaf(ParentRunner.java:271)
	at org.junit.runners.BlockJUnit4ClassRunner.runChild(BlockJUnit4ClassRunner.java:70)
	at org.junit.runners.BlockJUnit4ClassRunner.runChild(BlockJUnit4ClassRunner.java:50)
	at org.junit.runners.ParentRunner$3.run(ParentRunner.java:238)
	at org.junit.runners.ParentRunner$1.schedule(ParentRunner.java:63)
	at org.junit.runners.ParentRunner.runChildren(ParentRunner.java:236)
	at org.junit.runners.ParentRunner.access$000(ParentRunner.java:53)
	at org.junit.runners.ParentRunner$2.evaluate(ParentRunner.java:229)
	at org.junit.runners.ParentRunner.run(ParentRunner.java:309)
	at org.apache.maven.surefire.junit4.JUnit4Provider.execute(JUnit4Provider.java:316)
	at org.apache.maven.surefire.junit4.JUnit4Provider.executeWithRerun(JUnit4Provider.java:240)
	at org.apache.maven.surefire.junit4.JUnit4Provider.executeTestSet(JUnit4Provider.java:214)
	at org.apache.maven.surefire.junit4.JUnit4Provider.invoke(JUnit4Provider.java:155)
	at org.apache.maven.surefire.booter.ForkedBooter.runSuitesInProcess(ForkedBooter.java:385)
	at org.apache.maven.surefire.booter.ForkedBooter.execute(ForkedBooter.java:162)
	at org.apache.maven.surefire.booter.ForkedBooter.run(ForkedBooter.java:507)
	at org.apache.maven.surefire.booter.ForkedBooter.main(ForkedBooter.java:495)
]]></error>
  </testcase>
  <testcase name="testRemoveNode" classname="implementations.TreeTest" time="0.001">
    <error message="Cannot invoke &quot;java.util.List.size()&quot; because &quot;integers&quot; is null" type="java.lang.NullPointerException"><![CDATA[java.lang.NullPointerException: Cannot invoke "java.util.List.size()" because "integers" is null
	at implementations.TreeTest.testRemoveNode(TreeTest.java:68)
	at java.base/jdk.internal.reflect.DirectMethodHandleAccessor.invoke(DirectMethodHandleAccessor.java:104)
	at java.base/java.lang.reflect.Method.invoke(Method.java:578)
	at org.junit.runners.model.FrameworkMethod$1.runReflectiveCall(FrameworkMethod.java:47)
	at org.junit.internal.runners.model.ReflectiveCallable.run(ReflectiveCallable.java:12)
	at org.junit.runners.model.FrameworkMethod.invokeExplosively(FrameworkMethod.java:44)
	at org.junit.internal.runners.statements.InvokeMethod.evaluate(InvokeMethod.java:17)
	at org.junit.internal.runners.statements.RunBefores.evaluate(RunBefores.java:26)
	at org.junit.runners.ParentRunner.runLeaf(ParentRunner.java:271)
	at org.junit.runners.BlockJUnit4ClassRunner.runChild(BlockJUnit4ClassRunner.java:70)
	at org.junit.runners.BlockJUnit4ClassRunner.runChild(BlockJUnit4ClassRunner.java:50)
	at org.junit.runners.ParentRunner$3.run(ParentRunner.java:238)
	at org.junit.runners.ParentRunner$1.schedule(ParentRunner.java:63)
	at org.junit.runners.ParentRunner.runChildren(ParentRunner.java:236)
	at org.junit.runners.ParentRunner.access$000(ParentRunner.java:53)
	at org.junit.runners.ParentRunner$2.evaluate(ParentRunner.java:229)
	at org.junit.runners.ParentRunner.run(ParentRunner.java:309)
	at org.apache.maven.surefire.junit4.JUnit4Provider.execute(JUnit4Provider.java:316)
	at org.apache.maven.surefire.junit4.JUnit4Provider.executeWithRerun(JUnit4Provider.java:240)
	at org.apache.maven.surefire.junit4.JUnit4Provider.executeTestSet(JUnit4Provider.java:214)
	at org.apache.maven.surefire.junit4.JUnit4Provider.invoke(JUnit4Provider.java:155)
	at org.apache.maven.surefire.booter.ForkedBooter.runSuitesInProcess(ForkedBooter.java:385)
	at org.apache.maven.surefire.booter.ForkedBooter.execute(ForkedBooter.java:162)
	at org.apache.maven.surefire.booter.ForkedBooter.run(ForkedBooter.java:507)
	at org.apache.maven.surefire.booter.ForkedBooter.main(ForkedBooter.java:495)
]]></error>
  </testcase>
  <testcase name="testTreeConstructor" classname="implementations.TreeTest" time="0.0"/>
</testsuite>